<?xml version="1.0" encoding="UTF-8"?>
<!-- Generated by org.testng.reporters.JUnitReportReporter -->
<testsuite skipped="0" hostname="FXSJ6VITIIY7JFD" name="PublishGoods.PublishGoodsTest" tests="1" failures="0" timestamp="26 九月 2018 03:57:28 GMT" time="136.274" errors="0">
  <testcase name="publishGoods" time="136.274" classname="PublishGoods.PublishGoodsTest"/>
</testsuite> <!-- PublishGoods.PublishGoodsTest -->
