<?xml version="1.0" encoding="UTF-8"?>
<!-- Generated by org.testng.reporters.JUnitReportReporter -->
<testsuite skipped="0" hostname="FXSJ6VITIIY7JFD" name="PublishGoods.PublishGoodsTest" tests="1" failures="0" timestamp="26 九月 2018 09:54:49 GMT" time="116.115" errors="0">
  <testcase name="publishGoods" time="116.115" classname="PublishGoods.PublishGoodsTest"/>
</testsuite> <!-- PublishGoods.PublishGoodsTest -->
