<?xml version="1.0" encoding="UTF-8"?>
<!-- Generated by org.testng.reporters.JUnitReportReporter -->
<testsuite skipped="0" hostname="FXSJ6VITIIY7JFD" name="my.ParaTest" tests="1" failures="0" timestamp="10 九月 2018 05:34:51 GMT" time="0.008" errors="0">
  <testcase name="show" time="0.008" classname="my.ParaTest"/>
</testsuite> <!-- my.ParaTest -->
