<?xml version="1.0" encoding="UTF-8"?>
<!-- Generated by org.testng.reporters.JUnitReportReporter -->
<testsuite skipped="0" hostname="FXSJ6VITIIY7JFD" name="my.DataProviderLearn" tests="3" failures="0" timestamp="10 九月 2018 06:13:32 GMT" time="0.009" errors="0">
  <testcase name="show" time="0.001" classname="my.DataProviderLearn"/>
  <testcase name="show" time="0.006" classname="my.DataProviderLearn"/>
  <testcase name="show" time="0.002" classname="my.DataProviderLearn"/>
</testsuite> <!-- my.DataProviderLearn -->
