<?xml version="1.0" encoding="UTF-8"?>
<!-- Generated by org.testng.reporters.JUnitReportReporter -->
<testsuite skipped="0" hostname="FXSJ6VITIIY7JFD" name="my.ExceptionTest" tests="1" failures="0" timestamp="10 九月 2018 05:20:09 GMT" time="0.001" errors="0">
  <testcase name="testException" time="0.001" classname="my.ExceptionTest"/>
</testsuite> <!-- my.ExceptionTest -->
