<?xml version="1.0" encoding="UTF-8"?>
<!-- Generated by org.testng.reporters.JUnitReportReporter -->
<testsuite skipped="0" hostname="FXSJ6VITIIY7JFD" name="my.DependsTest" tests="2" failures="0" timestamp="10 九月 2018 05:16:45 GMT" time="0.009" errors="0">
  <testcase name="show2" time="0.001" classname="my.DependsTest"/>
  <testcase name="show1" time="0.008" classname="my.DependsTest"/>
</testsuite> <!-- my.DependsTest -->
