<?xml version="1.0" encoding="UTF-8"?>
<!-- Generated by org.testng.reporters.JUnitReportReporter -->
<testsuite skipped="0" hostname="FXSJ6VITIIY7JFD" name="PublishGoods.PublishGoodsTest" tests="1" failures="0" timestamp="14 九月 2018 09:59:24 GMT" time="77.157" errors="1">
  <testcase name="publishGoods" time="77.157" classname="PublishGoods.PublishGoodsTest">
    <error type="org.openqa.selenium.interactions.InvalidCoordinatesException" message="The coordinates provided to an interactions operation are invalid. (WARNING: The server did not provide any stacktrace information)
Command duration or timeout: 0 milliseconds
Build info: version: &#039;3.6.0&#039;, revision: &#039;6fbf3ec767&#039;, time: &#039;2017-09-27T15:28:36.4Z&#039;
System info: host: &#039;FXSJ6VITIIY7JFD&#039;, ip: &#039;10.108.66.113&#039;, os.name: &#039;Windows 7&#039;, os.arch: &#039;amd64&#039;, os.version: &#039;6.1&#039;, java.version: &#039;1.8.0_151&#039;
Driver info: io.appium.java_client.android.AndroidDriver
Capabilities [{appPackage=com.fuzhong.xiaoliuaquatic, noReset=true, deviceName=127.0.0.1:62001, platform=LINUX, deviceUDID=127.0.0.1:62001, desired={app=F:\XiaoLiuAquatic-v6.03-20180823155916.apk, appPackage=com.fuzhong.xiaoliuaquatic, noReset=true, platformVersion=4.4.2, automationName=Appium, unicodeKeyboard=true, platformName=Android, deviceName=HUAWEI MLA-AL10, resetKeyboard=true}, platformVersion=4.4.2, webStorageEnabled=false, automationName=Appium, takesScreenshot=true, javascriptEnabled=true, unicodeKeyboard=true, deviceManufacturer=HUAWEI, platformName=LINUX, resetKeyboard=true, app=F:\XiaoLiuAquatic-v6.03-20180823155916.apk, deviceScreenSize=1280x720, networkConnectionEnabled=true, warnings={}, appWaitPackage=com.fuzhong.xiaoliuaquatic, appWaitActivity=com.fuzhong.xiaoliuaquatic.ui.welcome.WelcomeActivityXiaoLiu, databaseEnabled=false, appActivity=com.fuzhong.xiaoliuaquatic.ui.welcome.WelcomeActivityXiaoLiu, locationContextEnabled=false, deviceModel=HUAWEI MLA-AL10}]
Session ID: 4ab32031-ea00-48b4-b333-38a1696181ac">
      <![CDATA[org.openqa.selenium.interactions.InvalidCoordinatesException: The coordinates provided to an interactions operation are invalid. (WARNING: The server did not provide any stacktrace information)
Command duration or timeout: 0 milliseconds
Build info: version: '3.6.0', revision: '6fbf3ec767', time: '2017-09-27T15:28:36.4Z'
System info: host: 'FXSJ6VITIIY7JFD', ip: '10.108.66.113', os.name: 'Windows 7', os.arch: 'amd64', os.version: '6.1', java.version: '1.8.0_151'
Driver info: io.appium.java_client.android.AndroidDriver
Capabilities [{appPackage=com.fuzhong.xiaoliuaquatic, noReset=true, deviceName=127.0.0.1:62001, platform=LINUX, deviceUDID=127.0.0.1:62001, desired={app=F:\XiaoLiuAquatic-v6.03-20180823155916.apk, appPackage=com.fuzhong.xiaoliuaquatic, noReset=true, platformVersion=4.4.2, automationName=Appium, unicodeKeyboard=true, platformName=Android, deviceName=HUAWEI MLA-AL10, resetKeyboard=true}, platformVersion=4.4.2, webStorageEnabled=false, automationName=Appium, takesScreenshot=true, javascriptEnabled=true, unicodeKeyboard=true, deviceManufacturer=HUAWEI, platformName=LINUX, resetKeyboard=true, app=F:\XiaoLiuAquatic-v6.03-20180823155916.apk, deviceScreenSize=1280x720, networkConnectionEnabled=true, warnings={}, appWaitPackage=com.fuzhong.xiaoliuaquatic, appWaitActivity=com.fuzhong.xiaoliuaquatic.ui.welcome.WelcomeActivityXiaoLiu, databaseEnabled=false, appActivity=com.fuzhong.xiaoliuaquatic.ui.welcome.WelcomeActivityXiaoLiu, locationContextEnabled=false, deviceModel=HUAWEI MLA-AL10}]
Session ID: 4ab32031-ea00-48b4-b333-38a1696181ac
at sun.reflect.NativeConstructorAccessorImpl.newInstance0(Native Method)
at sun.reflect.NativeConstructorAccessorImpl.newInstance(NativeConstructorAccessorImpl.java:62)
at sun.reflect.DelegatingConstructorAccessorImpl.newInstance(DelegatingConstructorAccessorImpl.java:45)
at java.lang.reflect.Constructor.newInstance(Constructor.java:423)
at org.openqa.selenium.remote.ErrorHandler.createThrowable(ErrorHandler.java:214)
at org.openqa.selenium.remote.ErrorHandler.throwIfResponseFailed(ErrorHandler.java:172)
at org.openqa.selenium.remote.http.JsonHttpResponseCodec.reconstructValue(JsonHttpResponseCodec.java:40)
at org.openqa.selenium.remote.http.AbstractHttpResponseCodec.decode(AbstractHttpResponseCodec.java:82)
at org.openqa.selenium.remote.http.AbstractHttpResponseCodec.decode(AbstractHttpResponseCodec.java:45)
at org.openqa.selenium.remote.HttpCommandExecutor.execute(HttpCommandExecutor.java:164)
at io.appium.java_client.remote.AppiumCommandExecutor.execute(AppiumCommandExecutor.java:89)
at org.openqa.selenium.remote.RemoteWebDriver.execute(RemoteWebDriver.java:586)
at io.appium.java_client.DefaultGenericMobileDriver.execute(DefaultGenericMobileDriver.java:42)
at io.appium.java_client.AppiumDriver.execute(AppiumDriver.java:1)
at io.appium.java_client.android.AndroidDriver.execute(AndroidDriver.java:1)
at io.appium.java_client.PerformsTouchActions.performTouchAction(PerformsTouchActions.java:41)
at io.appium.java_client.TouchAction.perform(TouchAction.java:325)
at PublishGoods.PublishGoodsTest.publishGoods(PublishGoodsTest.java:125)
at sun.reflect.NativeMethodAccessorImpl.invoke0(Native Method)
at sun.reflect.NativeMethodAccessorImpl.invoke(NativeMethodAccessorImpl.java:62)
at sun.reflect.DelegatingMethodAccessorImpl.invoke(DelegatingMethodAccessorImpl.java:43)
at java.lang.reflect.Method.invoke(Method.java:498)
at org.testng.internal.MethodInvocationHelper.invokeMethod(MethodInvocationHelper.java:124)
at org.testng.internal.Invoker.invokeMethod(Invoker.java:580)
at org.testng.internal.Invoker.invokeTestMethod(Invoker.java:716)
at org.testng.internal.Invoker.invokeTestMethods(Invoker.java:988)
at org.testng.internal.TestMethodWorker.invokeTestMethods(TestMethodWorker.java:125)
at org.testng.internal.TestMethodWorker.run(TestMethodWorker.java:109)
at org.testng.TestRunner.privateRun(TestRunner.java:648)
at org.testng.TestRunner.run(TestRunner.java:505)
at org.testng.SuiteRunner.runTest(SuiteRunner.java:455)
at org.testng.SuiteRunner.runSequentially(SuiteRunner.java:450)
at org.testng.SuiteRunner.privateRun(SuiteRunner.java:415)
at org.testng.SuiteRunner.run(SuiteRunner.java:364)
at org.testng.SuiteRunnerWorker.runSuite(SuiteRunnerWorker.java:52)
at org.testng.SuiteRunnerWorker.run(SuiteRunnerWorker.java:84)
at org.testng.TestNG.runSuitesSequentially(TestNG.java:1208)
at org.testng.TestNG.runSuitesLocally(TestNG.java:1137)
at org.testng.TestNG.runSuites(TestNG.java:1049)
at org.testng.TestNG.run(TestNG.java:1017)
at org.testng.remote.AbstractRemoteTestNG.run(AbstractRemoteTestNG.java:114)
at org.testng.remote.RemoteTestNG.initAndRun(RemoteTestNG.java:251)
at org.testng.remote.RemoteTestNG.main(RemoteTestNG.java:77)
]]>
    </error>
  </testcase> <!-- publishGoods -->
</testsuite> <!-- PublishGoods.PublishGoodsTest -->
