<?xml version="1.0" encoding="UTF-8"?>
<!-- Generated by org.testng.reporters.JUnitReportReporter -->
<testsuite skipped="0" hostname="FXSJ6VITIIY7JFD" name="init.Login" tests="2" failures="0" timestamp="11 九月 2018 09:42:18 GMT" time="43.852" errors="0">
  <testcase name="login" time="39.424" classname="init.Login"/>
  <testcase name="loginOut" time="4.428" classname="init.Login"/>
</testsuite> <!-- init.Login -->
